[11:21:14] [Client thread/INFO] [JMLogger] JourneyMap log initialized.
[11:21:14] [Client thread/INFO] [JourneymapClient] initialize ENTER
[11:21:14] [Client thread/WARN] [PropertiesBase] core (Initialized) Bad configField entry during updateFrom(): optionsManagerViewed=null
[11:21:14] [Client thread/WARN] [PropertiesBase] core (Initialized) Bad configField entry during updateFrom(): splashViewed=null
[11:21:14] [Client thread/INFO] [?] Version: JourneyMap 1.12.2-5.7.1, built with Forge 14.23.5.2768
Forge: 14.23.5.2847
Environment: os.name, os.arch, java.version, user.country, user.language=null, game language=en_us, locale=en_us
Features: 
	RadarPlayers : singleplayer = true , multiplayer = true
	RadarAnimals : singleplayer = true , multiplayer = true
	RadarMobs : singleplayer = true , multiplayer = true
	RadarVillagers : singleplayer = true , multiplayer = true
	MapTopo : singleplayer = true , multiplayer = true
	MapSurface : singleplayer = true , multiplayer = true
	MapCaves : singleplayer = true , multiplayer = true
MiniMapProperties{state=Valid, file=journeymap.minimap.config, configVersion=5.7.1, zoomLevel=0, showPlayers=true, frameAlpha=100, compassFontScale=1, terrainAlpha=100, showEntityNames=true, enabled=true, showPlayerHeading=true, showVillagers=true, info2Label=Game Time, sizePercent=30, showDayNight=true, info3Label=Location, showMobs=true, showPets=true, preferredMapType=day, showCompass=true, mobDisplay=Small Dots, showReticle=true, orientation=North, systemTimeRealFormat=HH:mm:ss, shape=Circle, showSelf=true, info4Label=Biome, locationFormat=xzyv, playerDisplay=Small Dots, showGrid=true, reticleOrientation=Compass, gameTimeRealFormat=HH:mm:ss, showWaypoints=true, showCaves=true, showAnimals=true, showMobHeading=true, showWaypointLabels=true, locationFormatVerbose=true, position=Top Right, info1Label=Blank, fontScale=1}
MiniMapProperties{state=Valid, file=journeymap.minimap2.config, configVersion=5.7.1, zoomLevel=0, showPlayers=true, frameAlpha=100, compassFontScale=1, terrainAlpha=100, showEntityNames=true, enabled=true, showPlayerHeading=true, showVillagers=true, info2Label=Game Time, sizePercent=30, showDayNight=true, info3Label=Location, showMobs=true, showPets=true, preferredMapType=day, showCompass=true, mobDisplay=Small Dots, showReticle=true, orientation=North, systemTimeRealFormat=HH:mm:ss, shape=Rectangle, showSelf=true, info4Label=Biome, locationFormat=xzyv, playerDisplay=Small Dots, showGrid=true, reticleOrientation=Compass, gameTimeRealFormat=HH:mm:ss, showWaypoints=true, showCaves=true, showAnimals=true, showMobHeading=true, showWaypointLabels=true, locationFormatVerbose=true, position=Top Right, info1Label=Blank, fontScale=1}
FullMapProperties{state=Valid, file=journeymap.fullmap.config, configVersion=5.7.1, mobDisplay=Small Dots, zoomLevel=0, showPlayers=true, showSelf=true, locationFormat=xzyv, playerDisplay=Small Dots, showGrid=true, showEntityNames=true, showPlayerHeading=true, showVillagers=true, showWaypoints=true, showCaves=true, showAnimals=true, showMobHeading=true, showKeys=true, showWaypointLabels=true, locationFormatVerbose=true, showMobs=true, showPets=true, fontScale=1, preferredMapType=day}
WaypointProperties{state=Valid, file=journeymap.waypoint.config, configVersion=5.7.1, autoRemoveDeathpointDistance=2, createDeathpoints=true, showName=true, dateFormat=MM-dd-yyyy, autoRemoveDeathpoints=false, maxDistance=0, autoHideLabel=true, teleportCommand=/tp {name} {x} {y} {z}, showStaticBeam=true, minDistance=4, timeFormat=HH:mm:ss, boldLabel=false, textureSmall=true, showDeathpointlabel=true, showDistance=true, showRotatingBeam=true, fontScale=2, showTexture=true, managerEnabled=true, beaconEnabled=true}
WebMapProperties{state=Valid, file=journeymap.webmap.config, configVersion=5.7.1, zoomLevel=0, showWaypoints=true, showCaves=true, showSelf=true, port=8080, showGrid=true, showEntityNames=true, enabled=false, preferredMapType=day}
CoreProperties{state=Valid, file=journeymap.core.config, configVersion=5.7.1, verboseColorPalette=false, maxPlayersData=32, mapSurfaceAboveCaves=true, optionsManagerViewed=null, announceMod=true, colorPassive=#bbbbbb, renderOverlayEventTypeName=ALL, mapBlendWater=false, renderDistanceSurfaceMax=7, radarVerticalDistance=16, mapBlendGrass=true, recordCacheStats=false, hideSneakingEntities=true, revealShape=Circle, alwaysMapSurface=false, colorVillager=#88e188, mapPlants=false, colorPet=#0077ff, radarLateralDistance=64, mapBathymetry=false, mapCrops=true, maxMobsData=32, mapPlantShadows=false, alwaysMapCaves=false, checkUpdates=true, browserPoll=2000, mapBlendFoliage=true, mappingEnabled=true, colorPlayer=#ffffff, tileHighDisplayQuality=true, cacheVillagersData=2200, logLevel=INFO, maxVillagersData=32, maxAnimalsData=32, mapTransparency=true, tileRenderType=1, caveIgnoreGlass=true, mapTopography=true, renderDistanceCaveMax=3, mapAntialiasing=true, colorSelf=#0000ff, cachePlayersData=2000, cacheMobsData=3000, cachePlayerData=1000, splashViewed=null, colorHostile=#ff0000, cacheAnimalsData=3100, themeName=OceanMonument, mapCaveLighting=true, renderDelay=2, renderOverlayPreEvent=true, autoMapPoll=2000}
[11:21:15] [Client thread/INFO] [ClientAPI] [ClientAPI] built with JourneyMap API 1.4
[11:21:15] [Client thread/INFO] [PluginHelper] Initializing plugins with Client API: journeymap.client.api.impl.ClientAPI
[11:21:15] [Client thread/INFO] [JourneymapClient] initialize EXIT, elapsed count 0 avg ?ms
[11:21:30] [Client thread/INFO] [IconSetFileHandler] Added entity icons from journeymap:icon/entity. Success: false
[11:21:31] [Client thread/INFO] [ThemeLoader] Preloaded theme textures: 73
[11:22:29] [Client thread/WARN] [PropertiesBase] core (Initialized) Bad configField entry during updateFrom(): optionsManagerViewed=null
[11:22:29] [Client thread/WARN] [PropertiesBase] core (Initialized) Bad configField entry during updateFrom(): splashViewed=null
[11:22:29] [Client thread/INFO] [ModBlockDelegate] Custom modded block handling enabled for bibliocraft
[11:22:29] [Client thread/INFO] [WaypointStore] Loaded 0 waypoints from C:\Users\rom\curseforge\minecraft\Instances\LapitosDevelopmentBuilds\journeymap\data\mp\Offical~TBGN\waypoints
[11:22:29] [Client thread/INFO] [JourneymapClient] Mapping started in C:\Users\rom\curseforge\minecraft\Instances\LapitosDevelopmentBuilds\journeymap\data\mp\Offical~TBGN\DIM2. Memory: 3761MB total, 1083MB free 
[11:22:29] [Netty Client IO #1/INFO] [JourneymapClient] Mapping halted in C:\Users\rom\curseforge\minecraft\Instances\LapitosDevelopmentBuilds\journeymap\data\mp\Offical~TBGN\DIM2
[11:22:29] [Netty Client IO #1/INFO] [JourneymapClient] World UID is set to: 5ec6f5d1-7ad8-49d9-a4aa-718f61c55970
[11:22:29] [Netty Client IO #1/INFO] [PropertiesBase] dim0 (FileLoaded) Setting config file to version "5.7.1": journeymap.server.dim0.config
[11:22:29] [Netty Client IO #1/INFO] [JourneymapClient] World UID hasn't changed: 5ec6f5d1-7ad8-49d9-a4aa-718f61c55970
[11:22:30] [Netty Client IO #1/INFO] [JourneymapClient] World UID hasn't changed: 5ec6f5d1-7ad8-49d9-a4aa-718f61c55970
[11:22:30] [Netty Client IO #1/INFO] [PropertiesBase] dim0 (FileLoaded) Setting config file to version "5.7.1": journeymap.server.dim0.config
[11:22:30] [Client thread/WARN] [PropertiesBase] core (Initialized) Bad configField entry during updateFrom(): optionsManagerViewed=null
[11:22:30] [Client thread/WARN] [PropertiesBase] core (Initialized) Bad configField entry during updateFrom(): splashViewed=null
[11:22:30] [Client thread/INFO] [WaypointStore] Loaded 0 waypoints from C:\Users\rom\curseforge\minecraft\Instances\LapitosDevelopmentBuilds\journeymap\data\mp\Offical~TBGN_5ec6f5d1~7ad8~49d9~a4aa~718f61c55970\waypoints
[11:22:30] [Client thread/INFO] [JourneymapClient] Mapping started in C:\Users\rom\curseforge\minecraft\Instances\LapitosDevelopmentBuilds\journeymap\data\mp\Offical~TBGN_5ec6f5d1~7ad8~49d9~a4aa~718f61c55970\DIM2. Memory: 3751MB total, 1570MB free 
[11:22:30] [Netty Client IO #1/INFO] [JourneymapClient] World UID hasn't changed: 5ec6f5d1-7ad8-49d9-a4aa-718f61c55970
[11:22:30] [Netty Client IO #1/INFO] [PropertiesBase] dim0 (FileLoaded) Setting config file to version "5.7.1": journeymap.server.dim0.config
[11:24:34] [Client thread/INFO] [ChatLog] JourneyMap: Press [J]
[11:24:49] [Client thread/INFO] [JourneymapClient] Mapping halted in C:\Users\rom\curseforge\minecraft\Instances\LapitosDevelopmentBuilds\journeymap\data\mp\Offical~TBGN_5ec6f5d1~7ad8~49d9~a4aa~718f61c55970\DIM-1
[11:24:50] [Client thread/WARN] [PropertiesBase] core (Initialized) Bad configField entry during updateFrom(): optionsManagerViewed=null
[11:24:50] [Client thread/WARN] [PropertiesBase] core (Initialized) Bad configField entry during updateFrom(): splashViewed=null
[11:24:50] [Client thread/INFO] [WaypointStore] Loaded 0 waypoints from C:\Users\rom\curseforge\minecraft\Instances\LapitosDevelopmentBuilds\journeymap\data\mp\Offical~TBGN_5ec6f5d1~7ad8~49d9~a4aa~718f61c55970\waypoints
[11:24:50] [Client thread/INFO] [JourneymapClient] Mapping started in C:\Users\rom\curseforge\minecraft\Instances\LapitosDevelopmentBuilds\journeymap\data\mp\Offical~TBGN_5ec6f5d1~7ad8~49d9~a4aa~718f61c55970\DIM0. Memory: 3750MB total, 830MB free 
[11:39:42] [Client thread/INFO] [JourneymapClient] Mapping halted in C:\Users\rom\curseforge\minecraft\Instances\LapitosDevelopmentBuilds\journeymap\data\mp\Offical~TBGN_5ec6f5d1~7ad8~49d9~a4aa~718f61c55970\DIM0
[11:39:43] [Client thread/WARN] [PropertiesBase] core (Initialized) Bad configField entry during updateFrom(): optionsManagerViewed=null
[11:39:43] [Client thread/WARN] [PropertiesBase] core (Initialized) Bad configField entry during updateFrom(): splashViewed=null
[11:39:43] [Client thread/INFO] [WaypointStore] Loaded 0 waypoints from C:\Users\rom\curseforge\minecraft\Instances\LapitosDevelopmentBuilds\journeymap\data\mp\Offical~TBGN_5ec6f5d1~7ad8~49d9~a4aa~718f61c55970\waypoints
[11:39:43] [Client thread/INFO] [JourneymapClient] Mapping started in C:\Users\rom\curseforge\minecraft\Instances\LapitosDevelopmentBuilds\journeymap\data\mp\Offical~TBGN_5ec6f5d1~7ad8~49d9~a4aa~718f61c55970\DIM0. Memory: 4166MB total, 1403MB free 
[11:39:43] [Netty Client IO #1/INFO] [JourneymapClient] World UID hasn't changed: 5ec6f5d1-7ad8-49d9-a4aa-718f61c55970
[11:39:43] [Netty Client IO #1/INFO] [PropertiesBase] dim0 (FileLoaded) Setting config file to version "5.7.1": journeymap.server.dim0.config
[11:42:23] [Client thread/INFO] [JourneymapClient] Mapping halted in C:\Users\rom\curseforge\minecraft\Instances\LapitosDevelopmentBuilds\journeymap\data\mp\Offical~TBGN_5ec6f5d1~7ad8~49d9~a4aa~718f61c55970\DIM0
[11:42:23] [Client thread/WARN] [PropertiesBase] core (Initialized) Bad configField entry during updateFrom(): optionsManagerViewed=null
[11:42:23] [Client thread/WARN] [PropertiesBase] core (Initialized) Bad configField entry during updateFrom(): splashViewed=null
[11:42:23] [Client thread/INFO] [WaypointStore] Loaded 0 waypoints from C:\Users\rom\curseforge\minecraft\Instances\LapitosDevelopmentBuilds\journeymap\data\mp\Offical~TBGN_5ec6f5d1~7ad8~49d9~a4aa~718f61c55970\waypoints
[11:42:23] [Client thread/INFO] [JourneymapClient] Mapping started in C:\Users\rom\curseforge\minecraft\Instances\LapitosDevelopmentBuilds\journeymap\data\mp\Offical~TBGN_5ec6f5d1~7ad8~49d9~a4aa~718f61c55970\DIM0. Memory: 4316MB total, 960MB free 
[11:58:21] [Client thread/INFO] [JourneymapClient] Mapping halted in C:\Users\rom\curseforge\minecraft\Instances\LapitosDevelopmentBuilds\journeymap\data\mp\Offical~TBGN_5ec6f5d1~7ad8~49d9~a4aa~718f61c55970\DIM0
[11:58:22] [Client thread/WARN] [PropertiesBase] core (Initialized) Bad configField entry during updateFrom(): optionsManagerViewed=null
[11:58:22] [Client thread/WARN] [PropertiesBase] core (Initialized) Bad configField entry during updateFrom(): splashViewed=null
[11:58:22] [Client thread/INFO] [WaypointStore] Loaded 0 waypoints from C:\Users\rom\curseforge\minecraft\Instances\LapitosDevelopmentBuilds\journeymap\data\mp\Offical~TBGN_5ec6f5d1~7ad8~49d9~a4aa~718f61c55970\waypoints
[11:58:22] [Client thread/INFO] [JourneymapClient] Mapping started in C:\Users\rom\curseforge\minecraft\Instances\LapitosDevelopmentBuilds\journeymap\data\mp\Offical~TBGN_5ec6f5d1~7ad8~49d9~a4aa~718f61c55970\DIM0. Memory: 4673MB total, 900MB free 
[11:58:26] [Netty Client IO #1/INFO] [JourneymapClient] World UID hasn't changed: 5ec6f5d1-7ad8-49d9-a4aa-718f61c55970
[11:58:26] [Netty Client IO #1/INFO] [PropertiesBase] dim0 (FileLoaded) Setting config file to version "5.7.1": journeymap.server.dim0.config
[12:01:46] [Client thread/INFO] [JourneymapClient] Mapping halted in C:\Users\rom\curseforge\minecraft\Instances\LapitosDevelopmentBuilds\journeymap\data\mp\Offical~TBGN_5ec6f5d1~7ad8~49d9~a4aa~718f61c55970\DIM0
[12:01:47] [Client thread/WARN] [PropertiesBase] core (Initialized) Bad configField entry during updateFrom(): optionsManagerViewed=null
[12:01:47] [Client thread/WARN] [PropertiesBase] core (Initialized) Bad configField entry during updateFrom(): splashViewed=null
[12:01:47] [Client thread/INFO] [WaypointStore] Loaded 0 waypoints from C:\Users\rom\curseforge\minecraft\Instances\LapitosDevelopmentBuilds\journeymap\data\mp\Offical~TBGN_5ec6f5d1~7ad8~49d9~a4aa~718f61c55970\waypoints
[12:01:47] [Client thread/INFO] [JourneymapClient] Mapping started in C:\Users\rom\curseforge\minecraft\Instances\LapitosDevelopmentBuilds\journeymap\data\mp\Offical~TBGN_5ec6f5d1~7ad8~49d9~a4aa~718f61c55970\DIM-1030. Memory: 4807MB total, 561MB free 
[12:05:46] [Client thread/INFO] [JourneymapClient] Mapping halted in C:\Users\rom\curseforge\minecraft\Instances\LapitosDevelopmentBuilds\journeymap\data\mp\Offical~TBGN_5ec6f5d1~7ad8~49d9~a4aa~718f61c55970\DIM-1030
[12:05:46] [Client thread/WARN] [PropertiesBase] core (Initialized) Bad configField entry during updateFrom(): optionsManagerViewed=null
[12:05:46] [Client thread/WARN] [PropertiesBase] core (Initialized) Bad configField entry during updateFrom(): splashViewed=null
[12:05:46] [Client thread/INFO] [WaypointStore] Loaded 0 waypoints from C:\Users\rom\curseforge\minecraft\Instances\LapitosDevelopmentBuilds\journeymap\data\mp\Offical~TBGN_5ec6f5d1~7ad8~49d9~a4aa~718f61c55970\waypoints
[12:05:46] [Client thread/INFO] [JourneymapClient] Mapping started in C:\Users\rom\curseforge\minecraft\Instances\LapitosDevelopmentBuilds\journeymap\data\mp\Offical~TBGN_5ec6f5d1~7ad8~49d9~a4aa~718f61c55970\DIM0. Memory: 4750MB total, 862MB free 
[12:08:58] [Client thread/INFO] [JourneymapClient] Mapping halted in C:\Users\rom\curseforge\minecraft\Instances\LapitosDevelopmentBuilds\journeymap\data\mp\Offical~TBGN_5ec6f5d1~7ad8~49d9~a4aa~718f61c55970\DIM0
